<?xml version="1.0" encoding="UTF-8"?>
<!-- Generated by org.testng.reporters.JUnitReportReporter -->
<testsuite hostname="Admin" failures="0" tests="4" name="TestCases.GroupTest" time="57.462" errors="0" timestamp="2022-06-16T16:20:18 IST" skipped="0">
  <testcase classname="TestCases.GroupTest" name="verifyZerodhaLogoTest" time="7.000"/>
  <system-out/>
  <testcase classname="TestCases.GroupTest" name="verifyKiteLogoTest" time="14.004"/>
  <system-out/>
  <testcase classname="TestCases.GroupTest" name="verifyTitleTest" time="12.778"/>
  <system-out/>
  <testcase classname="TestCases.GroupTest" name="loginToAppTest" time="23.680"/>
  <system-out/>
</testsuite> <!-- TestCases.GroupTest -->
