<?xml version="1.0" encoding="UTF-8"?>
<!-- Generated by org.testng.reporters.JUnitReportReporter -->
<testsuite hostname="Admin" failures="0" tests="4" name="TestCases.LoginPageTest" time="44.552" errors="0" timestamp="2022-06-16T16:20:17 IST" skipped="0">
  <testcase classname="TestCases.LoginPageTest" name="verifyKiteLogoTest" time="7.443"/>
  <system-out/>
  <testcase classname="TestCases.LoginPageTest" name="loginToAppTest" time="22.329"/>
  <system-out/>
  <testcase classname="TestCases.LoginPageTest" name="verifyZerodhaLogoTest" time="7.518"/>
  <system-out/>
  <testcase classname="TestCases.LoginPageTest" name="verifyTitleTest" time="7.262"/>
  <system-out/>
</testsuite> <!-- TestCases.LoginPageTest -->
