<?xml version="1.0" encoding="UTF-8"?>
<!-- Generated by org.testng.reporters.JUnitReportReporter -->
<testsuite hostname="Admin" failures="0" tests="4" name="TestCases.HardAssert" time="14.315" errors="0" timestamp="2022-06-16T16:20:17 IST" skipped="2">
  <testcase classname="TestCases.HardAssert" name="verifyKiteLogoTest" time="7.401"/>
  <system-out/>
  <testcase classname="TestCases.HardAssert" name="verifyTitleTest" time="6.914"/>
  <system-out/>
  <testcase classname="TestCases.HardAssert" name="verifyZerodhaLogoTest">
    <skipped/>
  </testcase> <!-- verifyZerodhaLogoTest -->
  <system-out/>
  <testcase classname="TestCases.HardAssert" name="loginToAppTest">
    <skipped/>
  </testcase> <!-- loginToAppTest -->
  <system-out/>
</testsuite> <!-- TestCases.HardAssert -->
