<?xml version="1.0" encoding="UTF-8"?>
<!-- Generated by org.testng.reporters.JUnitReportReporter -->
<testsuite hostname="Admin" failures="0" tests="6" name="TestCases.PriorityTest" time="52.206" errors="0" timestamp="2022-06-16T16:20:18 IST" skipped="0">
  <testcase classname="TestCases.PriorityTest" name="verifyTitleTest" time="6.837"/>
  <system-out>
    <![CDATA[Executing Title Test]]>
  </system-out>
  <testcase classname="TestCases.PriorityTest" name="verifyKiteLogoTest" time="7.351"/>
  <system-out>
    <![CDATA[Executing kiteLogo Test]]>
  </system-out>
  <testcase classname="TestCases.PriorityTest" name="verifyKiteLogoTest" time="6.033"/>
  <system-out>
    <![CDATA[Executing kiteLogo Test]]>
  </system-out>
  <testcase classname="TestCases.PriorityTest" name="verifyKiteLogoTest" time="5.872"/>
  <system-out>
    <![CDATA[Executing kiteLogo Test]]>
  </system-out>
  <testcase classname="TestCases.PriorityTest" name="verifyZerodhaLogoTest" time="6.276"/>
  <system-out>
    <![CDATA[Executing ZerodhaLogo Test]]>
  </system-out>
  <testcase classname="TestCases.PriorityTest" name="loginToAppTest" time="19.837"/>
  <system-out>
    <![CDATA[Executing loginToAppTest]]>
  </system-out>
</testsuite> <!-- TestCases.PriorityTest -->
