<?xml version="1.0" encoding="UTF-8"?>
<!-- Generated by org.testng.reporters.JUnitReportReporter -->
<testsuite hostname="Admin" failures="0" tests="3" name="TestCases.DashboardPageTest" time="60.549" errors="0" timestamp="2022-06-16T16:20:17 IST" skipped="2">
  <testcase classname="TestCases.DashboardPageTest" name="placeGttOrderTest" time="60.549"/>
  <system-out/>
  <testcase classname="TestCases.DashboardPageTest" name="verifyEmailTest">
    <skipped/>
  </testcase> <!-- verifyEmailTest -->
  <system-out/>
  <testcase classname="TestCases.DashboardPageTest" name="verifyUsernameTest">
    <skipped/>
  </testcase> <!-- verifyUsernameTest -->
  <system-out/>
</testsuite> <!-- TestCases.DashboardPageTest -->
