<?xml version="1.0" encoding="UTF-8"?>
<!-- Generated by org.testng.reporters.JUnitReportReporter -->
<testsuite hostname="Admin" failures="0" tests="3" name="TestCases.ParrallelTest" time="218.461" errors="0" timestamp="2022-06-18T16:50:43 IST" skipped="0">
  <testcase classname="TestCases.ParrallelTest" name="openGoogle" time="66.823"/>
  <system-out/>
  <testcase classname="TestCases.ParrallelTest" name="openAmazon" time="78.526"/>
  <system-out/>
  <testcase classname="TestCases.ParrallelTest" name="openFb" time="73.112"/>
  <system-out/>
</testsuite> <!-- TestCases.ParrallelTest -->
