<?xml version="1.0" encoding="UTF-8"?>
<!-- Generated by org.testng.reporters.JUnitReportReporter -->
<testsuite hostname="Admin" failures="0" tests="4" name="TestCases.LoginPageTestDuplicate" time="48.730" errors="0" timestamp="2022-06-16T16:20:18 IST" skipped="0">
  <testcase classname="TestCases.LoginPageTestDuplicate" name="verifyTitleTest" time="11.412"/>
  <system-out/>
  <testcase classname="TestCases.LoginPageTestDuplicate" name="verifyZerodhaLogoTest" time="7.305"/>
  <system-out/>
  <testcase classname="TestCases.LoginPageTestDuplicate" name="verifyKiteLogoTest" time="9.567"/>
  <system-out/>
  <testcase classname="TestCases.LoginPageTestDuplicate" name="loginToAppTest" time="20.446"/>
  <system-out/>
</testsuite> <!-- TestCases.LoginPageTestDuplicate -->
