<?xml version="1.0" encoding="UTF-8"?>
<!-- Generated by org.testng.reporters.JUnitReportReporter -->
<testsuite hostname="Admin" failures="0" tests="4" name="TestCases.GroupTest1" time="50.964" errors="0" timestamp="2022-06-16T16:20:18 IST" skipped="0">
  <testcase classname="TestCases.GroupTest1" name="loginToAppTest" time="20.154"/>
  <system-out/>
  <testcase classname="TestCases.GroupTest1" name="verifyZerodhaLogoTest" time="9.146"/>
  <system-out/>
  <testcase classname="TestCases.GroupTest1" name="verifyKiteLogoTest" time="14.863"/>
  <system-out/>
  <testcase classname="TestCases.GroupTest1" name="verifyTitleTest" time="6.801"/>
  <system-out/>
</testsuite> <!-- TestCases.GroupTest1 -->
